{"/home/atum/Desktop/Portal-projects/Food_recipe_API/app.js": {"path":"/home/atum/Desktop/Portal-projects/Food_recipe_API/app.js","statementMap":{"0":{"start":{"line":9,"column":12},"end":{"line":9,"column":21}},"1":{"start":{"line":11,"column":0},"end":{"line":11,"column":23}},"2":{"start":{"line":12,"column":0},"end":{"line":12,"column":24}},"3":{"start":{"line":13,"column":0},"end":{"line":13,"column":49}},"4":{"start":{"line":14,"column":0},"end":{"line":14,"column":24}},"5":{"start":{"line":16,"column":0},"end":{"line":16,"column":26}},"6":{"start":{"line":19,"column":0},"end":{"line":19,"column":13}},"7":{"start":{"line":22,"column":0},"end":{"line":24,"column":3}},"8":{"start":{"line":23,"column":2},"end":{"line":23,"column":25}},"9":{"start":{"line":27,"column":0},"end":{"line":32,"column":3}},"10":{"start":{"line":28,"column":2},"end":{"line":28,"column":35}},"11":{"start":{"line":29,"column":2},"end":{"line":29,"column":69}},"12":{"start":{"line":30,"column":2},"end":{"line":30,"column":32}},"13":{"start":{"line":31,"column":2},"end":{"line":31,"column":35}}},"fnMap":{"0":{"name":"(anonymous_0)","decl":{"start":{"line":22,"column":8},"end":{"line":22,"column":9}},"loc":{"start":{"line":22,"column":34},"end":{"line":24,"column":1}},"line":22},"1":{"name":"(anonymous_1)","decl":{"start":{"line":27,"column":8},"end":{"line":27,"column":9}},"loc":{"start":{"line":27,"column":39},"end":{"line":32,"column":1}},"line":27}},"branchMap":{"0":{"loc":{"start":{"line":29,"column":21},"end":{"line":29,"column":68}},"type":"cond-expr","locations":[{"start":{"line":29,"column":60},"end":{"line":29,"column":63}},{"start":{"line":29,"column":66},"end":{"line":29,"column":68}}],"line":29},"1":{"loc":{"start":{"line":30,"column":13},"end":{"line":30,"column":30}},"type":"binary-expr","locations":[{"start":{"line":30,"column":13},"end":{"line":30,"column":23}},{"start":{"line":30,"column":27},"end":{"line":30,"column":30}}],"line":30}},"s":{"0":1,"1":1,"2":1,"3":1,"4":1,"5":1,"6":1,"7":1,"8":0,"9":1,"10":0,"11":0,"12":0,"13":0},"f":{"0":0,"1":0},"b":{"0":[0,0],"1":[0,0]},"_coverageSchema":"1a1c01bbd47fc00a2c39e90264f33305004495a9","hash":"7d3732e17ab881cc2fb32b76425d23e0ed7535d4"}
,"/home/atum/Desktop/Portal-projects/Food_recipe_API/swagger.js": {"path":"/home/atum/Desktop/Portal-projects/Food_recipe_API/swagger.js","statementMap":{"0":{"start":{"line":4,"column":23},"end":{"line":22,"column":1}},"1":{"start":{"line":24,"column":20},"end":{"line":24,"column":48}},"2":{"start":{"line":27,"column":2},"end":{"line":27,"column":70}}},"fnMap":{"0":{"name":"(anonymous_0)","decl":{"start":{"line":26,"column":15},"end":{"line":26,"column":16}},"loc":{"start":{"line":26,"column":24},"end":{"line":28,"column":1}},"line":26}},"branchMap":{},"s":{"0":1,"1":1,"2":1},"f":{"0":1},"b":{},"_coverageSchema":"1a1c01bbd47fc00a2c39e90264f33305004495a9","hash":"acecb916c2603e75b262f4bfc2eac90e8abd195f"}
,"/home/atum/Desktop/Portal-projects/Food_recipe_API/db.config/index.js": {"path":"/home/atum/Desktop/Portal-projects/Food_recipe_API/db.config/index.js","statementMap":{"0":{"start":{"line":4,"column":0},"end":{"line":4,"column":16}},"1":{"start":{"line":6,"column":17},"end":{"line":6,"column":19}},"2":{"start":{"line":8,"column":13},"end":{"line":14,"column":2}},"3":{"start":{"line":16,"column":0},"end":{"line":18,"column":3}},"4":{"start":{"line":17,"column":2},"end":{"line":17,"column":56}},"5":{"start":{"line":20,"column":0},"end":{"line":23,"column":3}},"6":{"start":{"line":21,"column":2},"end":{"line":21,"column":57}}},"fnMap":{"0":{"name":"(anonymous_0)","decl":{"start":{"line":16,"column":19},"end":{"line":16,"column":20}},"loc":{"start":{"line":16,"column":25},"end":{"line":18,"column":1}},"line":16},"1":{"name":"(anonymous_1)","decl":{"start":{"line":20,"column":17},"end":{"line":20,"column":18}},"loc":{"start":{"line":20,"column":28},"end":{"line":23,"column":1}},"line":20}},"branchMap":{},"s":{"0":1,"1":1,"2":1,"3":1,"4":0,"5":1,"6":0},"f":{"0":0,"1":0},"b":{},"_coverageSchema":"1a1c01bbd47fc00a2c39e90264f33305004495a9","hash":"b980394b59c3bb781dc6bd2bef64f8036eb3a3ef"}
,"/home/atum/Desktop/Portal-projects/Food_recipe_API/routes/categories.js": {"path":"/home/atum/Desktop/Portal-projects/Food_recipe_API/routes/categories.js","statementMap":{"0":{"start":{"line":4,"column":15},"end":{"line":4,"column":31}},"1":{"start":{"line":7,"column":0},"end":{"line":15,"column":3}},"2":{"start":{"line":8,"column":2},"end":{"line":14,"column":3}},"3":{"start":{"line":9,"column":18},"end":{"line":9,"column":44}},"4":{"start":{"line":10,"column":33},"end":{"line":10,"column":56}},"5":{"start":{"line":11,"column":4},"end":{"line":11,"column":37}},"6":{"start":{"line":13,"column":4},"end":{"line":13,"column":16}},"7":{"start":{"line":18,"column":0},"end":{"line":29,"column":3}},"8":{"start":{"line":19,"column":2},"end":{"line":28,"column":3}},"9":{"start":{"line":20,"column":21},"end":{"line":20,"column":29}},"10":{"start":{"line":21,"column":18},"end":{"line":21,"column":73}},"11":{"start":{"line":24,"column":8},"end":{"line":24,"column":39}},"12":{"start":{"line":25,"column":4},"end":{"line":25,"column":35}},"13":{"start":{"line":27,"column":4},"end":{"line":27,"column":16}},"14":{"start":{"line":32,"column":0},"end":{"line":48,"column":3}},"15":{"start":{"line":33,"column":2},"end":{"line":47,"column":3}},"16":{"start":{"line":34,"column":19},"end":{"line":34,"column":29}},"17":{"start":{"line":35,"column":18},"end":{"line":35,"column":67}},"18":{"start":{"line":38,"column":8},"end":{"line":38,"column":37}},"19":{"start":{"line":40,"column":4},"end":{"line":42,"column":5}},"20":{"start":{"line":41,"column":6},"end":{"line":41,"column":67}},"21":{"start":{"line":44,"column":4},"end":{"line":44,"column":23}},"22":{"start":{"line":46,"column":4},"end":{"line":46,"column":16}},"23":{"start":{"line":51,"column":0},"end":{"line":70,"column":3}},"24":{"start":{"line":52,"column":2},"end":{"line":69,"column":3}},"25":{"start":{"line":53,"column":19},"end":{"line":53,"column":29}},"26":{"start":{"line":54,"column":21},"end":{"line":54,"column":29}},"27":{"start":{"line":55,"column":18},"end":{"line":57,"column":5}},"28":{"start":{"line":60,"column":8},"end":{"line":60,"column":43}},"29":{"start":{"line":62,"column":4},"end":{"line":64,"column":5}},"30":{"start":{"line":63,"column":6},"end":{"line":63,"column":67}},"31":{"start":{"line":66,"column":4},"end":{"line":66,"column":23}},"32":{"start":{"line":68,"column":4},"end":{"line":68,"column":16}},"33":{"start":{"line":73,"column":0},"end":{"line":89,"column":3}},"34":{"start":{"line":74,"column":2},"end":{"line":88,"column":3}},"35":{"start":{"line":75,"column":19},"end":{"line":75,"column":29}},"36":{"start":{"line":76,"column":18},"end":{"line":76,"column":77}},"37":{"start":{"line":79,"column":8},"end":{"line":79,"column":37}},"38":{"start":{"line":81,"column":4},"end":{"line":83,"column":5}},"39":{"start":{"line":82,"column":6},"end":{"line":82,"column":67}},"40":{"start":{"line":85,"column":4},"end":{"line":85,"column":59}},"41":{"start":{"line":87,"column":4},"end":{"line":87,"column":16}}},"fnMap":{"0":{"name":"(anonymous_0)","decl":{"start":{"line":7,"column":16},"end":{"line":7,"column":17}},"loc":{"start":{"line":7,"column":42},"end":{"line":15,"column":1}},"line":7},"1":{"name":"(anonymous_1)","decl":{"start":{"line":18,"column":17},"end":{"line":18,"column":18}},"loc":{"start":{"line":18,"column":43},"end":{"line":29,"column":1}},"line":18},"2":{"name":"(anonymous_2)","decl":{"start":{"line":32,"column":19},"end":{"line":32,"column":20}},"loc":{"start":{"line":32,"column":45},"end":{"line":48,"column":1}},"line":32},"3":{"name":"(anonymous_3)","decl":{"start":{"line":51,"column":19},"end":{"line":51,"column":20}},"loc":{"start":{"line":51,"column":45},"end":{"line":70,"column":1}},"line":51},"4":{"name":"(anonymous_4)","decl":{"start":{"line":73,"column":22},"end":{"line":73,"column":23}},"loc":{"start":{"line":73,"column":48},"end":{"line":89,"column":1}},"line":73}},"branchMap":{"0":{"loc":{"start":{"line":40,"column":4},"end":{"line":42,"column":5}},"type":"if","locations":[{"start":{"line":40,"column":4},"end":{"line":42,"column":5}},{"start":{},"end":{}}],"line":40},"1":{"loc":{"start":{"line":62,"column":4},"end":{"line":64,"column":5}},"type":"if","locations":[{"start":{"line":62,"column":4},"end":{"line":64,"column":5}},{"start":{},"end":{}}],"line":62},"2":{"loc":{"start":{"line":81,"column":4},"end":{"line":83,"column":5}},"type":"if","locations":[{"start":{"line":81,"column":4},"end":{"line":83,"column":5}},{"start":{},"end":{}}],"line":81}},"s":{"0":1,"1":1,"2":0,"3":0,"4":0,"5":0,"6":0,"7":1,"8":0,"9":0,"10":0,"11":0,"12":0,"13":0,"14":1,"15":0,"16":0,"17":0,"18":0,"19":0,"20":0,"21":0,"22":0,"23":1,"24":0,"25":0,"26":0,"27":0,"28":0,"29":0,"30":0,"31":0,"32":0,"33":1,"34":0,"35":0,"36":0,"37":0,"38":0,"39":0,"40":0,"41":0},"f":{"0":0,"1":0,"2":0,"3":0,"4":0},"b":{"0":[0,0],"1":[0,0],"2":[0,0]},"_coverageSchema":"1a1c01bbd47fc00a2c39e90264f33305004495a9","hash":"c67084b6b1f57d19a96922271f891f98b8067d26"}
,"/home/atum/Desktop/Portal-projects/Food_recipe_API/routes/index.js": {"path":"/home/atum/Desktop/Portal-projects/Food_recipe_API/routes/index.js","statementMap":{"0":{"start":{"line":7,"column":15},"end":{"line":7,"column":31}},"1":{"start":{"line":9,"column":0},"end":{"line":9,"column":38}},"2":{"start":{"line":10,"column":0},"end":{"line":10,"column":44}},"3":{"start":{"line":11,"column":0},"end":{"line":11,"column":46}},"4":{"start":{"line":12,"column":0},"end":{"line":12,"column":32}}},"fnMap":{},"branchMap":{},"s":{"0":1,"1":1,"2":1,"3":1,"4":1},"f":{},"b":{},"_coverageSchema":"1a1c01bbd47fc00a2c39e90264f33305004495a9","hash":"8a2e4659361a3ba472a2468b1b1267267adfe75c"}
,"/home/atum/Desktop/Portal-projects/Food_recipe_API/routes/ingredients.js": {"path":"/home/atum/Desktop/Portal-projects/Food_recipe_API/routes/ingredients.js","statementMap":{"0":{"start":{"line":4,"column":15},"end":{"line":4,"column":31}},"1":{"start":{"line":7,"column":0},"end":{"line":15,"column":3}},"2":{"start":{"line":8,"column":2},"end":{"line":14,"column":3}},"3":{"start":{"line":9,"column":18},"end":{"line":9,"column":45}},"4":{"start":{"line":10,"column":34},"end":{"line":10,"column":57}},"5":{"start":{"line":11,"column":4},"end":{"line":11,"column":38}},"6":{"start":{"line":13,"column":4},"end":{"line":13,"column":16}},"7":{"start":{"line":18,"column":0},"end":{"line":29,"column":3}},"8":{"start":{"line":19,"column":2},"end":{"line":28,"column":3}},"9":{"start":{"line":20,"column":21},"end":{"line":20,"column":29}},"10":{"start":{"line":21,"column":18},"end":{"line":21,"column":74}},"11":{"start":{"line":24,"column":8},"end":{"line":24,"column":39}},"12":{"start":{"line":25,"column":4},"end":{"line":25,"column":37}},"13":{"start":{"line":27,"column":4},"end":{"line":27,"column":16}},"14":{"start":{"line":32,"column":0},"end":{"line":48,"column":3}},"15":{"start":{"line":33,"column":2},"end":{"line":47,"column":3}},"16":{"start":{"line":34,"column":19},"end":{"line":34,"column":29}},"17":{"start":{"line":35,"column":18},"end":{"line":35,"column":70}},"18":{"start":{"line":38,"column":8},"end":{"line":38,"column":37}},"19":{"start":{"line":40,"column":4},"end":{"line":42,"column":5}},"20":{"start":{"line":41,"column":6},"end":{"line":41,"column":69}},"21":{"start":{"line":44,"column":4},"end":{"line":44,"column":25}},"22":{"start":{"line":46,"column":4},"end":{"line":46,"column":16}},"23":{"start":{"line":51,"column":0},"end":{"line":70,"column":3}},"24":{"start":{"line":52,"column":2},"end":{"line":69,"column":3}},"25":{"start":{"line":53,"column":19},"end":{"line":53,"column":29}},"26":{"start":{"line":54,"column":21},"end":{"line":54,"column":29}},"27":{"start":{"line":55,"column":18},"end":{"line":57,"column":5}},"28":{"start":{"line":60,"column":8},"end":{"line":60,"column":43}},"29":{"start":{"line":62,"column":4},"end":{"line":64,"column":5}},"30":{"start":{"line":63,"column":6},"end":{"line":63,"column":69}},"31":{"start":{"line":66,"column":4},"end":{"line":66,"column":25}},"32":{"start":{"line":68,"column":4},"end":{"line":68,"column":16}},"33":{"start":{"line":73,"column":0},"end":{"line":90,"column":3}},"34":{"start":{"line":74,"column":2},"end":{"line":89,"column":3}},"35":{"start":{"line":75,"column":19},"end":{"line":75,"column":29}},"36":{"start":{"line":77,"column":6},"end":{"line":77,"column":68}},"37":{"start":{"line":80,"column":8},"end":{"line":80,"column":37}},"38":{"start":{"line":82,"column":4},"end":{"line":84,"column":5}},"39":{"start":{"line":83,"column":6},"end":{"line":83,"column":69}},"40":{"start":{"line":86,"column":4},"end":{"line":86,"column":61}},"41":{"start":{"line":88,"column":4},"end":{"line":88,"column":16}}},"fnMap":{"0":{"name":"(anonymous_0)","decl":{"start":{"line":7,"column":16},"end":{"line":7,"column":17}},"loc":{"start":{"line":7,"column":42},"end":{"line":15,"column":1}},"line":7},"1":{"name":"(anonymous_1)","decl":{"start":{"line":18,"column":17},"end":{"line":18,"column":18}},"loc":{"start":{"line":18,"column":43},"end":{"line":29,"column":1}},"line":18},"2":{"name":"(anonymous_2)","decl":{"start":{"line":32,"column":19},"end":{"line":32,"column":20}},"loc":{"start":{"line":32,"column":45},"end":{"line":48,"column":1}},"line":32},"3":{"name":"(anonymous_3)","decl":{"start":{"line":51,"column":19},"end":{"line":51,"column":20}},"loc":{"start":{"line":51,"column":45},"end":{"line":70,"column":1}},"line":51},"4":{"name":"(anonymous_4)","decl":{"start":{"line":73,"column":22},"end":{"line":73,"column":23}},"loc":{"start":{"line":73,"column":48},"end":{"line":90,"column":1}},"line":73}},"branchMap":{"0":{"loc":{"start":{"line":40,"column":4},"end":{"line":42,"column":5}},"type":"if","locations":[{"start":{"line":40,"column":4},"end":{"line":42,"column":5}},{"start":{},"end":{}}],"line":40},"1":{"loc":{"start":{"line":62,"column":4},"end":{"line":64,"column":5}},"type":"if","locations":[{"start":{"line":62,"column":4},"end":{"line":64,"column":5}},{"start":{},"end":{}}],"line":62},"2":{"loc":{"start":{"line":82,"column":4},"end":{"line":84,"column":5}},"type":"if","locations":[{"start":{"line":82,"column":4},"end":{"line":84,"column":5}},{"start":{},"end":{}}],"line":82}},"s":{"0":1,"1":1,"2":0,"3":0,"4":0,"5":0,"6":0,"7":1,"8":0,"9":0,"10":0,"11":0,"12":0,"13":0,"14":1,"15":0,"16":0,"17":0,"18":0,"19":0,"20":0,"21":0,"22":0,"23":1,"24":0,"25":0,"26":0,"27":0,"28":0,"29":0,"30":0,"31":0,"32":0,"33":1,"34":0,"35":0,"36":0,"37":0,"38":0,"39":0,"40":0,"41":0},"f":{"0":0,"1":0,"2":0,"3":0,"4":0},"b":{"0":[0,0],"1":[0,0],"2":[0,0]},"_coverageSchema":"1a1c01bbd47fc00a2c39e90264f33305004495a9","hash":"96342fa9930a957b8faabb905573d03efab992ef"}
,"/home/atum/Desktop/Portal-projects/Food_recipe_API/routes/recipes.js": {"path":"/home/atum/Desktop/Portal-projects/Food_recipe_API/routes/recipes.js","statementMap":{"0":{"start":{"line":3,"column":15},"end":{"line":3,"column":31}},"1":{"start":{"line":17,"column":0},"end":{"line":27,"column":3}},"2":{"start":{"line":18,"column":2},"end":{"line":26,"column":3}},"3":{"start":{"line":19,"column":18},"end":{"line":21,"column":5}},"4":{"start":{"line":22,"column":30},"end":{"line":22,"column":53}},"5":{"start":{"line":23,"column":4},"end":{"line":23,"column":34}},"6":{"start":{"line":25,"column":4},"end":{"line":25,"column":16}},"7":{"start":{"line":60,"column":0},"end":{"line":138,"column":3}},"8":{"start":{"line":61,"column":17},"end":{"line":61,"column":37}},"9":{"start":{"line":62,"column":2},"end":{"line":137,"column":3}},"10":{"start":{"line":64,"column":6},"end":{"line":64,"column":14}},"11":{"start":{"line":67,"column":4},"end":{"line":67,"column":32}},"12":{"start":{"line":70,"column":30},"end":{"line":74,"column":5}},"13":{"start":{"line":77,"column":8},"end":{"line":82,"column":6}},"14":{"start":{"line":85,"column":4},"end":{"line":126,"column":5}},"15":{"start":{"line":86,"column":39},"end":{"line":86,"column":49}},"16":{"start":{"line":89,"column":36},"end":{"line":94,"column":7}},"17":{"start":{"line":95,"column":39},"end":{"line":98,"column":7}},"18":{"start":{"line":101,"column":6},"end":{"line":113,"column":7}},"19":{"start":{"line":103,"column":8},"end":{"line":103,"column":56}},"20":{"start":{"line":107,"column":10},"end":{"line":107,"column":65}},"21":{"start":{"line":108,"column":49},"end":{"line":111,"column":9}},"22":{"start":{"line":112,"column":8},"end":{"line":112,"column":64}},"23":{"start":{"line":116,"column":42},"end":{"line":119,"column":7}},"24":{"start":{"line":120,"column":6},"end":{"line":125,"column":9}},"25":{"start":{"line":129,"column":4},"end":{"line":129,"column":33}},"26":{"start":{"line":131,"column":4},"end":{"line":131,"column":40}},"27":{"start":{"line":133,"column":4},"end":{"line":133,"column":35}},"28":{"start":{"line":134,"column":4},"end":{"line":134,"column":16}},"29":{"start":{"line":136,"column":4},"end":{"line":136,"column":21}},"30":{"start":{"line":159,"column":0},"end":{"line":180,"column":3}},"31":{"start":{"line":160,"column":2},"end":{"line":179,"column":3}},"32":{"start":{"line":161,"column":19},"end":{"line":161,"column":29}},"33":{"start":{"line":162,"column":18},"end":{"line":169,"column":5}},"34":{"start":{"line":170,"column":30},"end":{"line":170,"column":59}},"35":{"start":{"line":172,"column":4},"end":{"line":174,"column":5}},"36":{"start":{"line":173,"column":6},"end":{"line":173,"column":65}},"37":{"start":{"line":176,"column":4},"end":{"line":176,"column":25}},"38":{"start":{"line":178,"column":4},"end":{"line":178,"column":16}},"39":{"start":{"line":220,"column":0},"end":{"line":263,"column":3}},"40":{"start":{"line":221,"column":2},"end":{"line":262,"column":3}},"41":{"start":{"line":222,"column":19},"end":{"line":222,"column":29}},"42":{"start":{"line":224,"column":6},"end":{"line":224,"column":14}},"43":{"start":{"line":226,"column":30},"end":{"line":234,"column":5}},"44":{"start":{"line":235,"column":4},"end":{"line":241,"column":7}},"45":{"start":{"line":243,"column":4},"end":{"line":257,"column":5}},"46":{"start":{"line":244,"column":6},"end":{"line":246,"column":9}},"47":{"start":{"line":248,"column":32},"end":{"line":255,"column":8}},"48":{"start":{"line":249,"column":41},"end":{"line":249,"column":51}},"49":{"start":{"line":250,"column":8},"end":{"line":254,"column":10}},"50":{"start":{"line":256,"column":6},"end":{"line":256,"column":43}},"51":{"start":{"line":259,"column":4},"end":{"line":259,"column":73}},"52":{"start":{"line":261,"column":4},"end":{"line":261,"column":16}},"53":{"start":{"line":284,"column":0},"end":{"line":298,"column":3}},"54":{"start":{"line":285,"column":2},"end":{"line":297,"column":3}},"55":{"start":{"line":286,"column":19},"end":{"line":286,"column":29}},"56":{"start":{"line":287,"column":24},"end":{"line":287,"column":66}},"57":{"start":{"line":288,"column":19},"end":{"line":288,"column":54}},"58":{"start":{"line":290,"column":4},"end":{"line":292,"column":5}},"59":{"start":{"line":291,"column":6},"end":{"line":291,"column":65}},"60":{"start":{"line":294,"column":4},"end":{"line":294,"column":57}},"61":{"start":{"line":296,"column":4},"end":{"line":296,"column":16}},"62":{"start":{"line":301,"column":0},"end":{"line":325,"column":3}},"63":{"start":{"line":302,"column":2},"end":{"line":324,"column":3}},"64":{"start":{"line":303,"column":19},"end":{"line":303,"column":29}},"65":{"start":{"line":304,"column":18},"end":{"line":312,"column":5}},"66":{"start":{"line":313,"column":30},"end":{"line":313,"column":59}},"67":{"start":{"line":315,"column":4},"end":{"line":319,"column":5}},"68":{"start":{"line":316,"column":6},"end":{"line":318,"column":63}},"69":{"start":{"line":321,"column":4},"end":{"line":321,"column":22}},"70":{"start":{"line":323,"column":4},"end":{"line":323,"column":16}}},"fnMap":{"0":{"name":"(anonymous_0)","decl":{"start":{"line":17,"column":16},"end":{"line":17,"column":17}},"loc":{"start":{"line":17,"column":42},"end":{"line":27,"column":1}},"line":17},"1":{"name":"(anonymous_1)","decl":{"start":{"line":60,"column":17},"end":{"line":60,"column":18}},"loc":{"start":{"line":60,"column":43},"end":{"line":138,"column":1}},"line":60},"2":{"name":"(anonymous_2)","decl":{"start":{"line":159,"column":19},"end":{"line":159,"column":20}},"loc":{"start":{"line":159,"column":45},"end":{"line":180,"column":1}},"line":159},"3":{"name":"(anonymous_3)","decl":{"start":{"line":220,"column":19},"end":{"line":220,"column":20}},"loc":{"start":{"line":220,"column":45},"end":{"line":263,"column":1}},"line":220},"4":{"name":"(anonymous_4)","decl":{"start":{"line":248,"column":48},"end":{"line":248,"column":49}},"loc":{"start":{"line":248,"column":64},"end":{"line":255,"column":7}},"line":248},"5":{"name":"(anonymous_5)","decl":{"start":{"line":284,"column":22},"end":{"line":284,"column":23}},"loc":{"start":{"line":284,"column":48},"end":{"line":298,"column":1}},"line":284},"6":{"name":"(anonymous_6)","decl":{"start":{"line":301,"column":28},"end":{"line":301,"column":29}},"loc":{"start":{"line":301,"column":54},"end":{"line":325,"column":1}},"line":301}},"branchMap":{"0":{"loc":{"start":{"line":101,"column":6},"end":{"line":113,"column":7}},"type":"if","locations":[{"start":{"line":101,"column":6},"end":{"line":113,"column":7}},{"start":{"line":104,"column":13},"end":{"line":113,"column":7}}],"line":101},"1":{"loc":{"start":{"line":172,"column":4},"end":{"line":174,"column":5}},"type":"if","locations":[{"start":{"line":172,"column":4},"end":{"line":174,"column":5}},{"start":{},"end":{}}],"line":172},"2":{"loc":{"start":{"line":243,"column":4},"end":{"line":257,"column":5}},"type":"if","locations":[{"start":{"line":243,"column":4},"end":{"line":257,"column":5}},{"start":{},"end":{}}],"line":243},"3":{"loc":{"start":{"line":243,"column":8},"end":{"line":243,"column":45}},"type":"binary-expr","locations":[{"start":{"line":243,"column":8},"end":{"line":243,"column":19}},{"start":{"line":243,"column":23},"end":{"line":243,"column":45}}],"line":243},"4":{"loc":{"start":{"line":290,"column":4},"end":{"line":292,"column":5}},"type":"if","locations":[{"start":{"line":290,"column":4},"end":{"line":292,"column":5}},{"start":{},"end":{}}],"line":290},"5":{"loc":{"start":{"line":315,"column":4},"end":{"line":319,"column":5}},"type":"if","locations":[{"start":{"line":315,"column":4},"end":{"line":319,"column":5}},{"start":{},"end":{}}],"line":315}},"s":{"0":1,"1":1,"2":1,"3":1,"4":1,"5":1,"6":0,"7":1,"8":1,"9":1,"10":1,"11":1,"12":0,"13":0,"14":0,"15":0,"16":0,"17":0,"18":0,"19":0,"20":0,"21":0,"22":0,"23":0,"24":0,"25":0,"26":0,"27":1,"28":0,"29":1,"30":1,"31":1,"32":1,"33":1,"34":1,"35":1,"36":0,"37":1,"38":0,"39":1,"40":1,"41":1,"42":1,"43":1,"44":1,"45":1,"46":1,"47":1,"48":2,"49":2,"50":1,"51":1,"52":0,"53":1,"54":1,"55":1,"56":1,"57":1,"58":1,"59":0,"60":1,"61":0,"62":1,"63":1,"64":1,"65":1,"66":1,"67":1,"68":0,"69":1,"70":0},"f":{"0":1,"1":1,"2":1,"3":1,"4":2,"5":1,"6":1},"b":{"0":[0,0],"1":[0,1],"2":[1,0],"3":[1,1],"4":[0,1],"5":[0,1]},"_coverageSchema":"1a1c01bbd47fc00a2c39e90264f33305004495a9","hash":"2be53166b2f853c43a0b455bb81caef0a4b5d928"}
,"/home/atum/Desktop/Portal-projects/Food_recipe_API/routes/tags.js": {"path":"/home/atum/Desktop/Portal-projects/Food_recipe_API/routes/tags.js","statementMap":{"0":{"start":{"line":4,"column":15},"end":{"line":4,"column":31}},"1":{"start":{"line":7,"column":0},"end":{"line":15,"column":3}},"2":{"start":{"line":8,"column":2},"end":{"line":14,"column":3}},"3":{"start":{"line":9,"column":18},"end":{"line":9,"column":38}},"4":{"start":{"line":10,"column":27},"end":{"line":10,"column":50}},"5":{"start":{"line":11,"column":4},"end":{"line":11,"column":31}},"6":{"start":{"line":13,"column":4},"end":{"line":13,"column":16}},"7":{"start":{"line":18,"column":0},"end":{"line":29,"column":3}},"8":{"start":{"line":19,"column":2},"end":{"line":28,"column":3}},"9":{"start":{"line":20,"column":21},"end":{"line":20,"column":29}},"10":{"start":{"line":21,"column":18},"end":{"line":21,"column":67}},"11":{"start":{"line":24,"column":8},"end":{"line":24,"column":39}},"12":{"start":{"line":25,"column":4},"end":{"line":25,"column":30}},"13":{"start":{"line":27,"column":4},"end":{"line":27,"column":16}},"14":{"start":{"line":32,"column":0},"end":{"line":48,"column":3}},"15":{"start":{"line":33,"column":2},"end":{"line":47,"column":3}},"16":{"start":{"line":34,"column":19},"end":{"line":34,"column":29}},"17":{"start":{"line":35,"column":18},"end":{"line":35,"column":56}},"18":{"start":{"line":38,"column":8},"end":{"line":38,"column":37}},"19":{"start":{"line":40,"column":4},"end":{"line":42,"column":5}},"20":{"start":{"line":41,"column":6},"end":{"line":41,"column":62}},"21":{"start":{"line":44,"column":4},"end":{"line":44,"column":18}},"22":{"start":{"line":46,"column":4},"end":{"line":46,"column":16}},"23":{"start":{"line":51,"column":0},"end":{"line":68,"column":3}},"24":{"start":{"line":52,"column":2},"end":{"line":67,"column":3}},"25":{"start":{"line":53,"column":19},"end":{"line":53,"column":29}},"26":{"start":{"line":54,"column":21},"end":{"line":54,"column":29}},"27":{"start":{"line":55,"column":18},"end":{"line":55,"column":75}},"28":{"start":{"line":58,"column":8},"end":{"line":58,"column":43}},"29":{"start":{"line":60,"column":4},"end":{"line":62,"column":5}},"30":{"start":{"line":61,"column":6},"end":{"line":61,"column":62}},"31":{"start":{"line":64,"column":4},"end":{"line":64,"column":18}},"32":{"start":{"line":66,"column":4},"end":{"line":66,"column":16}},"33":{"start":{"line":71,"column":0},"end":{"line":87,"column":3}},"34":{"start":{"line":72,"column":2},"end":{"line":86,"column":3}},"35":{"start":{"line":73,"column":19},"end":{"line":73,"column":29}},"36":{"start":{"line":74,"column":18},"end":{"line":74,"column":66}},"37":{"start":{"line":77,"column":8},"end":{"line":77,"column":37}},"38":{"start":{"line":79,"column":4},"end":{"line":81,"column":5}},"39":{"start":{"line":80,"column":6},"end":{"line":80,"column":62}},"40":{"start":{"line":83,"column":4},"end":{"line":83,"column":54}},"41":{"start":{"line":85,"column":4},"end":{"line":85,"column":16}}},"fnMap":{"0":{"name":"(anonymous_0)","decl":{"start":{"line":7,"column":16},"end":{"line":7,"column":17}},"loc":{"start":{"line":7,"column":42},"end":{"line":15,"column":1}},"line":7},"1":{"name":"(anonymous_1)","decl":{"start":{"line":18,"column":17},"end":{"line":18,"column":18}},"loc":{"start":{"line":18,"column":43},"end":{"line":29,"column":1}},"line":18},"2":{"name":"(anonymous_2)","decl":{"start":{"line":32,"column":19},"end":{"line":32,"column":20}},"loc":{"start":{"line":32,"column":45},"end":{"line":48,"column":1}},"line":32},"3":{"name":"(anonymous_3)","decl":{"start":{"line":51,"column":19},"end":{"line":51,"column":20}},"loc":{"start":{"line":51,"column":45},"end":{"line":68,"column":1}},"line":51},"4":{"name":"(anonymous_4)","decl":{"start":{"line":71,"column":22},"end":{"line":71,"column":23}},"loc":{"start":{"line":71,"column":48},"end":{"line":87,"column":1}},"line":71}},"branchMap":{"0":{"loc":{"start":{"line":40,"column":4},"end":{"line":42,"column":5}},"type":"if","locations":[{"start":{"line":40,"column":4},"end":{"line":42,"column":5}},{"start":{},"end":{}}],"line":40},"1":{"loc":{"start":{"line":60,"column":4},"end":{"line":62,"column":5}},"type":"if","locations":[{"start":{"line":60,"column":4},"end":{"line":62,"column":5}},{"start":{},"end":{}}],"line":60},"2":{"loc":{"start":{"line":79,"column":4},"end":{"line":81,"column":5}},"type":"if","locations":[{"start":{"line":79,"column":4},"end":{"line":81,"column":5}},{"start":{},"end":{}}],"line":79}},"s":{"0":1,"1":1,"2":0,"3":0,"4":0,"5":0,"6":0,"7":1,"8":0,"9":0,"10":0,"11":0,"12":0,"13":0,"14":1,"15":0,"16":0,"17":0,"18":0,"19":0,"20":0,"21":0,"22":0,"23":1,"24":0,"25":0,"26":0,"27":0,"28":0,"29":0,"30":0,"31":0,"32":0,"33":1,"34":0,"35":0,"36":0,"37":0,"38":0,"39":0,"40":0,"41":0},"f":{"0":0,"1":0,"2":0,"3":0,"4":0},"b":{"0":[0,0],"1":[0,0],"2":[0,0]},"_coverageSchema":"1a1c01bbd47fc00a2c39e90264f33305004495a9","hash":"db0088e4901e81c9422cb9fc86cd8bdd19125378"}
}
