{"/home/atum/Desktop/Portal-projects/Food_recipe_API/app.js": {"path":"/home/atum/Desktop/Portal-projects/Food_recipe_API/app.js","statementMap":{"0":{"start":{"line":9,"column":12},"end":{"line":9,"column":21}},"1":{"start":{"line":11,"column":0},"end":{"line":11,"column":23}},"2":{"start":{"line":12,"column":0},"end":{"line":12,"column":24}},"3":{"start":{"line":13,"column":0},"end":{"line":13,"column":49}},"4":{"start":{"line":14,"column":0},"end":{"line":14,"column":24}},"5":{"start":{"line":16,"column":0},"end":{"line":16,"column":26}},"6":{"start":{"line":19,"column":0},"end":{"line":19,"column":13}},"7":{"start":{"line":22,"column":0},"end":{"line":24,"column":3}},"8":{"start":{"line":23,"column":2},"end":{"line":23,"column":25}},"9":{"start":{"line":27,"column":0},"end":{"line":32,"column":3}},"10":{"start":{"line":28,"column":2},"end":{"line":28,"column":35}},"11":{"start":{"line":29,"column":2},"end":{"line":29,"column":69}},"12":{"start":{"line":30,"column":2},"end":{"line":30,"column":32}},"13":{"start":{"line":31,"column":2},"end":{"line":31,"column":35}}},"fnMap":{"0":{"name":"(anonymous_0)","decl":{"start":{"line":22,"column":8},"end":{"line":22,"column":9}},"loc":{"start":{"line":22,"column":28},"end":{"line":24,"column":1}},"line":22},"1":{"name":"(anonymous_1)","decl":{"start":{"line":27,"column":8},"end":{"line":27,"column":9}},"loc":{"start":{"line":27,"column":27},"end":{"line":32,"column":1}},"line":27}},"branchMap":{"0":{"loc":{"start":{"line":29,"column":21},"end":{"line":29,"column":68}},"type":"cond-expr","locations":[{"start":{"line":29,"column":60},"end":{"line":29,"column":63}},{"start":{"line":29,"column":66},"end":{"line":29,"column":68}}],"line":29},"1":{"loc":{"start":{"line":30,"column":13},"end":{"line":30,"column":30}},"type":"binary-expr","locations":[{"start":{"line":30,"column":13},"end":{"line":30,"column":23}},{"start":{"line":30,"column":27},"end":{"line":30,"column":30}}],"line":30}},"s":{"0":1,"1":1,"2":1,"3":1,"4":1,"5":1,"6":1,"7":1,"8":0,"9":1,"10":0,"11":0,"12":0,"13":0},"f":{"0":0,"1":0},"b":{"0":[0,0],"1":[0,0]},"_coverageSchema":"1a1c01bbd47fc00a2c39e90264f33305004495a9","hash":"84e33e617227ed1d12c68622628b56201fe56a7f"}
,"/home/atum/Desktop/Portal-projects/Food_recipe_API/swagger.js": {"path":"/home/atum/Desktop/Portal-projects/Food_recipe_API/swagger.js","statementMap":{"0":{"start":{"line":4,"column":23},"end":{"line":22,"column":1}},"1":{"start":{"line":24,"column":20},"end":{"line":24,"column":48}},"2":{"start":{"line":27,"column":2},"end":{"line":27,"column":70}}},"fnMap":{"0":{"name":"(anonymous_0)","decl":{"start":{"line":26,"column":15},"end":{"line":26,"column":16}},"loc":{"start":{"line":26,"column":24},"end":{"line":28,"column":1}},"line":26}},"branchMap":{},"s":{"0":1,"1":1,"2":1},"f":{"0":1},"b":{},"_coverageSchema":"1a1c01bbd47fc00a2c39e90264f33305004495a9","hash":"acecb916c2603e75b262f4bfc2eac90e8abd195f"}
,"/home/atum/Desktop/Portal-projects/Food_recipe_API/db.config/index.js": {"path":"/home/atum/Desktop/Portal-projects/Food_recipe_API/db.config/index.js","statementMap":{"0":{"start":{"line":4,"column":0},"end":{"line":4,"column":16}},"1":{"start":{"line":6,"column":17},"end":{"line":6,"column":19}},"2":{"start":{"line":8,"column":13},"end":{"line":14,"column":2}}},"fnMap":{},"branchMap":{},"s":{"0":1,"1":1,"2":1},"f":{},"b":{},"_coverageSchema":"1a1c01bbd47fc00a2c39e90264f33305004495a9","hash":"29c0498beb0548d351f2ec030b16d4876bdb5014"}
,"/home/atum/Desktop/Portal-projects/Food_recipe_API/routes/categories.js": {"path":"/home/atum/Desktop/Portal-projects/Food_recipe_API/routes/categories.js","statementMap":{"0":{"start":{"line":4,"column":15},"end":{"line":4,"column":31}},"1":{"start":{"line":7,"column":0},"end":{"line":15,"column":3}},"2":{"start":{"line":8,"column":2},"end":{"line":14,"column":3}},"3":{"start":{"line":9,"column":18},"end":{"line":9,"column":44}},"4":{"start":{"line":10,"column":33},"end":{"line":10,"column":56}},"5":{"start":{"line":11,"column":4},"end":{"line":11,"column":44}},"6":{"start":{"line":13,"column":4},"end":{"line":13,"column":23}},"7":{"start":{"line":18,"column":0},"end":{"line":29,"column":3}},"8":{"start":{"line":19,"column":2},"end":{"line":28,"column":3}},"9":{"start":{"line":20,"column":21},"end":{"line":20,"column":29}},"10":{"start":{"line":21,"column":18},"end":{"line":21,"column":73}},"11":{"start":{"line":24,"column":8},"end":{"line":24,"column":39}},"12":{"start":{"line":25,"column":4},"end":{"line":25,"column":42}},"13":{"start":{"line":27,"column":4},"end":{"line":27,"column":23}},"14":{"start":{"line":32,"column":0},"end":{"line":48,"column":3}},"15":{"start":{"line":33,"column":2},"end":{"line":47,"column":3}},"16":{"start":{"line":34,"column":19},"end":{"line":34,"column":29}},"17":{"start":{"line":35,"column":18},"end":{"line":35,"column":67}},"18":{"start":{"line":38,"column":8},"end":{"line":38,"column":37}},"19":{"start":{"line":40,"column":4},"end":{"line":42,"column":5}},"20":{"start":{"line":41,"column":6},"end":{"line":41,"column":67}},"21":{"start":{"line":44,"column":4},"end":{"line":44,"column":30}},"22":{"start":{"line":46,"column":4},"end":{"line":46,"column":23}},"23":{"start":{"line":51,"column":0},"end":{"line":70,"column":3}},"24":{"start":{"line":52,"column":2},"end":{"line":69,"column":3}},"25":{"start":{"line":53,"column":19},"end":{"line":53,"column":29}},"26":{"start":{"line":54,"column":21},"end":{"line":54,"column":29}},"27":{"start":{"line":55,"column":18},"end":{"line":57,"column":5}},"28":{"start":{"line":60,"column":8},"end":{"line":60,"column":43}},"29":{"start":{"line":62,"column":4},"end":{"line":64,"column":5}},"30":{"start":{"line":63,"column":6},"end":{"line":63,"column":67}},"31":{"start":{"line":66,"column":4},"end":{"line":66,"column":30}},"32":{"start":{"line":68,"column":4},"end":{"line":68,"column":23}},"33":{"start":{"line":73,"column":0},"end":{"line":89,"column":3}},"34":{"start":{"line":74,"column":2},"end":{"line":88,"column":3}},"35":{"start":{"line":75,"column":19},"end":{"line":75,"column":29}},"36":{"start":{"line":76,"column":18},"end":{"line":76,"column":77}},"37":{"start":{"line":79,"column":8},"end":{"line":79,"column":37}},"38":{"start":{"line":81,"column":4},"end":{"line":83,"column":5}},"39":{"start":{"line":82,"column":6},"end":{"line":82,"column":67}},"40":{"start":{"line":85,"column":4},"end":{"line":85,"column":66}},"41":{"start":{"line":87,"column":4},"end":{"line":87,"column":23}}},"fnMap":{"0":{"name":"(anonymous_0)","decl":{"start":{"line":7,"column":16},"end":{"line":7,"column":17}},"loc":{"start":{"line":7,"column":42},"end":{"line":15,"column":1}},"line":7},"1":{"name":"(anonymous_1)","decl":{"start":{"line":18,"column":17},"end":{"line":18,"column":18}},"loc":{"start":{"line":18,"column":43},"end":{"line":29,"column":1}},"line":18},"2":{"name":"(anonymous_2)","decl":{"start":{"line":32,"column":19},"end":{"line":32,"column":20}},"loc":{"start":{"line":32,"column":45},"end":{"line":48,"column":1}},"line":32},"3":{"name":"(anonymous_3)","decl":{"start":{"line":51,"column":19},"end":{"line":51,"column":20}},"loc":{"start":{"line":51,"column":45},"end":{"line":70,"column":1}},"line":51},"4":{"name":"(anonymous_4)","decl":{"start":{"line":73,"column":22},"end":{"line":73,"column":23}},"loc":{"start":{"line":73,"column":48},"end":{"line":89,"column":1}},"line":73}},"branchMap":{"0":{"loc":{"start":{"line":40,"column":4},"end":{"line":42,"column":5}},"type":"if","locations":[{"start":{"line":40,"column":4},"end":{"line":42,"column":5}},{"start":{},"end":{}}],"line":40},"1":{"loc":{"start":{"line":62,"column":4},"end":{"line":64,"column":5}},"type":"if","locations":[{"start":{"line":62,"column":4},"end":{"line":64,"column":5}},{"start":{},"end":{}}],"line":62},"2":{"loc":{"start":{"line":81,"column":4},"end":{"line":83,"column":5}},"type":"if","locations":[{"start":{"line":81,"column":4},"end":{"line":83,"column":5}},{"start":{},"end":{}}],"line":81}},"s":{"0":1,"1":1,"2":0,"3":0,"4":0,"5":0,"6":0,"7":1,"8":0,"9":0,"10":0,"11":0,"12":0,"13":0,"14":1,"15":0,"16":0,"17":0,"18":0,"19":0,"20":0,"21":0,"22":0,"23":1,"24":0,"25":0,"26":0,"27":0,"28":0,"29":0,"30":0,"31":0,"32":0,"33":1,"34":0,"35":0,"36":0,"37":0,"38":0,"39":0,"40":0,"41":0},"f":{"0":0,"1":0,"2":0,"3":0,"4":0},"b":{"0":[0,0],"1":[0,0],"2":[0,0]},"_coverageSchema":"1a1c01bbd47fc00a2c39e90264f33305004495a9","hash":"bf1020b0c3e4b84a7559d743b2f36091c3f20a93"}
,"/home/atum/Desktop/Portal-projects/Food_recipe_API/routes/index.js": {"path":"/home/atum/Desktop/Portal-projects/Food_recipe_API/routes/index.js","statementMap":{"0":{"start":{"line":7,"column":15},"end":{"line":7,"column":31}},"1":{"start":{"line":9,"column":0},"end":{"line":9,"column":38}},"2":{"start":{"line":10,"column":0},"end":{"line":10,"column":44}},"3":{"start":{"line":11,"column":0},"end":{"line":11,"column":46}},"4":{"start":{"line":12,"column":0},"end":{"line":12,"column":32}}},"fnMap":{},"branchMap":{},"s":{"0":1,"1":1,"2":1,"3":1,"4":1},"f":{},"b":{},"_coverageSchema":"1a1c01bbd47fc00a2c39e90264f33305004495a9","hash":"8a2e4659361a3ba472a2468b1b1267267adfe75c"}
,"/home/atum/Desktop/Portal-projects/Food_recipe_API/routes/ingredients.js": {"path":"/home/atum/Desktop/Portal-projects/Food_recipe_API/routes/ingredients.js","statementMap":{"0":{"start":{"line":4,"column":15},"end":{"line":4,"column":31}},"1":{"start":{"line":7,"column":0},"end":{"line":16,"column":3}},"2":{"start":{"line":8,"column":2},"end":{"line":15,"column":3}},"3":{"start":{"line":9,"column":18},"end":{"line":9,"column":45}},"4":{"start":{"line":10,"column":34},"end":{"line":10,"column":57}},"5":{"start":{"line":11,"column":4},"end":{"line":11,"column":45}},"6":{"start":{"line":13,"column":4},"end":{"line":13,"column":16}},"7":{"start":{"line":14,"column":4},"end":{"line":14,"column":68}},"8":{"start":{"line":19,"column":0},"end":{"line":31,"column":3}},"9":{"start":{"line":20,"column":2},"end":{"line":30,"column":3}},"10":{"start":{"line":21,"column":21},"end":{"line":21,"column":29}},"11":{"start":{"line":22,"column":18},"end":{"line":22,"column":74}},"12":{"start":{"line":25,"column":8},"end":{"line":25,"column":39}},"13":{"start":{"line":26,"column":4},"end":{"line":26,"column":44}},"14":{"start":{"line":28,"column":4},"end":{"line":28,"column":16}},"15":{"start":{"line":29,"column":4},"end":{"line":29,"column":68}},"16":{"start":{"line":34,"column":0},"end":{"line":51,"column":3}},"17":{"start":{"line":35,"column":2},"end":{"line":50,"column":3}},"18":{"start":{"line":36,"column":19},"end":{"line":36,"column":29}},"19":{"start":{"line":37,"column":18},"end":{"line":37,"column":70}},"20":{"start":{"line":40,"column":8},"end":{"line":40,"column":37}},"21":{"start":{"line":42,"column":4},"end":{"line":44,"column":5}},"22":{"start":{"line":43,"column":6},"end":{"line":43,"column":69}},"23":{"start":{"line":46,"column":4},"end":{"line":46,"column":32}},"24":{"start":{"line":48,"column":4},"end":{"line":48,"column":16}},"25":{"start":{"line":49,"column":4},"end":{"line":49,"column":68}},"26":{"start":{"line":54,"column":0},"end":{"line":72,"column":3}},"27":{"start":{"line":55,"column":2},"end":{"line":71,"column":3}},"28":{"start":{"line":56,"column":19},"end":{"line":56,"column":29}},"29":{"start":{"line":57,"column":21},"end":{"line":57,"column":29}},"30":{"start":{"line":58,"column":18},"end":{"line":58,"column":89}},"31":{"start":{"line":61,"column":8},"end":{"line":61,"column":43}},"32":{"start":{"line":63,"column":4},"end":{"line":65,"column":5}},"33":{"start":{"line":64,"column":6},"end":{"line":64,"column":69}},"34":{"start":{"line":67,"column":4},"end":{"line":67,"column":32}},"35":{"start":{"line":69,"column":4},"end":{"line":69,"column":16}},"36":{"start":{"line":70,"column":4},"end":{"line":70,"column":68}},"37":{"start":{"line":75,"column":0},"end":{"line":92,"column":3}},"38":{"start":{"line":76,"column":2},"end":{"line":91,"column":3}},"39":{"start":{"line":77,"column":19},"end":{"line":77,"column":29}},"40":{"start":{"line":78,"column":18},"end":{"line":78,"column":80}},"41":{"start":{"line":81,"column":8},"end":{"line":81,"column":37}},"42":{"start":{"line":83,"column":4},"end":{"line":85,"column":5}},"43":{"start":{"line":84,"column":6},"end":{"line":84,"column":69}},"44":{"start":{"line":87,"column":4},"end":{"line":87,"column":68}},"45":{"start":{"line":89,"column":4},"end":{"line":89,"column":16}},"46":{"start":{"line":90,"column":4},"end":{"line":90,"column":68}}},"fnMap":{"0":{"name":"(anonymous_0)","decl":{"start":{"line":7,"column":16},"end":{"line":7,"column":17}},"loc":{"start":{"line":7,"column":42},"end":{"line":16,"column":1}},"line":7},"1":{"name":"(anonymous_1)","decl":{"start":{"line":19,"column":17},"end":{"line":19,"column":18}},"loc":{"start":{"line":19,"column":43},"end":{"line":31,"column":1}},"line":19},"2":{"name":"(anonymous_2)","decl":{"start":{"line":34,"column":19},"end":{"line":34,"column":20}},"loc":{"start":{"line":34,"column":45},"end":{"line":51,"column":1}},"line":34},"3":{"name":"(anonymous_3)","decl":{"start":{"line":54,"column":19},"end":{"line":54,"column":20}},"loc":{"start":{"line":54,"column":45},"end":{"line":72,"column":1}},"line":54},"4":{"name":"(anonymous_4)","decl":{"start":{"line":75,"column":22},"end":{"line":75,"column":23}},"loc":{"start":{"line":75,"column":48},"end":{"line":92,"column":1}},"line":75}},"branchMap":{"0":{"loc":{"start":{"line":42,"column":4},"end":{"line":44,"column":5}},"type":"if","locations":[{"start":{"line":42,"column":4},"end":{"line":44,"column":5}},{"start":{},"end":{}}],"line":42},"1":{"loc":{"start":{"line":63,"column":4},"end":{"line":65,"column":5}},"type":"if","locations":[{"start":{"line":63,"column":4},"end":{"line":65,"column":5}},{"start":{},"end":{}}],"line":63},"2":{"loc":{"start":{"line":83,"column":4},"end":{"line":85,"column":5}},"type":"if","locations":[{"start":{"line":83,"column":4},"end":{"line":85,"column":5}},{"start":{},"end":{}}],"line":83}},"s":{"0":1,"1":1,"2":0,"3":0,"4":0,"5":0,"6":0,"7":0,"8":1,"9":0,"10":0,"11":0,"12":0,"13":0,"14":0,"15":0,"16":1,"17":0,"18":0,"19":0,"20":0,"21":0,"22":0,"23":0,"24":0,"25":0,"26":1,"27":0,"28":0,"29":0,"30":0,"31":0,"32":0,"33":0,"34":0,"35":0,"36":0,"37":1,"38":0,"39":0,"40":0,"41":0,"42":0,"43":0,"44":0,"45":0,"46":0},"f":{"0":0,"1":0,"2":0,"3":0,"4":0},"b":{"0":[0,0],"1":[0,0],"2":[0,0]},"_coverageSchema":"1a1c01bbd47fc00a2c39e90264f33305004495a9","hash":"c7389fd55797b0aadcf2474626134ef13e8bc5e0"}
,"/home/atum/Desktop/Portal-projects/Food_recipe_API/routes/recipes.js": {"path":"/home/atum/Desktop/Portal-projects/Food_recipe_API/routes/recipes.js","statementMap":{"0":{"start":{"line":7,"column":15},"end":{"line":7,"column":31}},"1":{"start":{"line":65,"column":0},"end":{"line":80,"column":3}},"2":{"start":{"line":66,"column":2},"end":{"line":79,"column":3}},"3":{"start":{"line":67,"column":18},"end":{"line":74,"column":5}},"4":{"start":{"line":75,"column":30},"end":{"line":75,"column":53}},"5":{"start":{"line":76,"column":4},"end":{"line":76,"column":41}},"6":{"start":{"line":78,"column":4},"end":{"line":78,"column":68}},"7":{"start":{"line":132,"column":0},"end":{"line":218,"column":3}},"8":{"start":{"line":134,"column":2},"end":{"line":217,"column":3}},"9":{"start":{"line":135,"column":4},"end":{"line":135,"column":34}},"10":{"start":{"line":138,"column":8},"end":{"line":138,"column":16}},"11":{"start":{"line":141,"column":4},"end":{"line":141,"column":32}},"12":{"start":{"line":144,"column":30},"end":{"line":148,"column":5}},"13":{"start":{"line":151,"column":8},"end":{"line":156,"column":6}},"14":{"start":{"line":159,"column":31},"end":{"line":199,"column":6}},"15":{"start":{"line":160,"column":39},"end":{"line":160,"column":49}},"16":{"start":{"line":163,"column":36},"end":{"line":168,"column":7}},"17":{"start":{"line":169,"column":39},"end":{"line":172,"column":7}},"18":{"start":{"line":175,"column":6},"end":{"line":186,"column":7}},"19":{"start":{"line":177,"column":8},"end":{"line":177,"column":55}},"20":{"start":{"line":180,"column":38},"end":{"line":180,"column":93}},"21":{"start":{"line":181,"column":49},"end":{"line":184,"column":9}},"22":{"start":{"line":185,"column":8},"end":{"line":185,"column":63}},"23":{"start":{"line":189,"column":42},"end":{"line":192,"column":7}},"24":{"start":{"line":193,"column":6},"end":{"line":198,"column":9}},"25":{"start":{"line":201,"column":4},"end":{"line":201,"column":42}},"26":{"start":{"line":204,"column":4},"end":{"line":204,"column":33}},"27":{"start":{"line":206,"column":4},"end":{"line":206,"column":46}},"28":{"start":{"line":208,"column":4},"end":{"line":210,"column":5}},"29":{"start":{"line":209,"column":6},"end":{"line":209,"column":37}},"30":{"start":{"line":211,"column":4},"end":{"line":211,"column":16}},"31":{"start":{"line":212,"column":4},"end":{"line":212,"column":68}},"32":{"start":{"line":214,"column":4},"end":{"line":216,"column":5}},"33":{"start":{"line":215,"column":6},"end":{"line":215,"column":23}},"34":{"start":{"line":273,"column":0},"end":{"line":294,"column":3}},"35":{"start":{"line":274,"column":2},"end":{"line":293,"column":3}},"36":{"start":{"line":275,"column":19},"end":{"line":275,"column":29}},"37":{"start":{"line":276,"column":18},"end":{"line":284,"column":5}},"38":{"start":{"line":285,"column":30},"end":{"line":285,"column":59}},"39":{"start":{"line":287,"column":4},"end":{"line":289,"column":29}},"40":{"start":{"line":291,"column":4},"end":{"line":291,"column":16}},"41":{"start":{"line":292,"column":4},"end":{"line":292,"column":68}},"42":{"start":{"line":351,"column":0},"end":{"line":442,"column":3}},"43":{"start":{"line":353,"column":2},"end":{"line":441,"column":3}},"44":{"start":{"line":354,"column":4},"end":{"line":354,"column":34}},"45":{"start":{"line":355,"column":19},"end":{"line":355,"column":29}},"46":{"start":{"line":358,"column":8},"end":{"line":358,"column":16}},"47":{"start":{"line":361,"column":4},"end":{"line":361,"column":32}},"48":{"start":{"line":363,"column":30},"end":{"line":371,"column":5}},"49":{"start":{"line":372,"column":4},"end":{"line":378,"column":7}},"50":{"start":{"line":380,"column":4},"end":{"line":426,"column":5}},"51":{"start":{"line":381,"column":6},"end":{"line":384,"column":8}},"52":{"start":{"line":386,"column":33},"end":{"line":423,"column":8}},"53":{"start":{"line":387,"column":41},"end":{"line":387,"column":51}},"54":{"start":{"line":389,"column":38},"end":{"line":394,"column":9}},"55":{"start":{"line":395,"column":41},"end":{"line":398,"column":9}},"56":{"start":{"line":401,"column":8},"end":{"line":410,"column":9}},"57":{"start":{"line":402,"column":10},"end":{"line":402,"column":57}},"58":{"start":{"line":404,"column":40},"end":{"line":404,"column":95}},"59":{"start":{"line":405,"column":51},"end":{"line":408,"column":11}},"60":{"start":{"line":409,"column":10},"end":{"line":409,"column":65}},"61":{"start":{"line":413,"column":44},"end":{"line":416,"column":9}},"62":{"start":{"line":417,"column":8},"end":{"line":422,"column":11}},"63":{"start":{"line":425,"column":6},"end":{"line":425,"column":44}},"64":{"start":{"line":429,"column":4},"end":{"line":429,"column":33}},"65":{"start":{"line":431,"column":4},"end":{"line":431,"column":73}},"66":{"start":{"line":433,"column":4},"end":{"line":435,"column":5}},"67":{"start":{"line":434,"column":6},"end":{"line":434,"column":37}},"68":{"start":{"line":436,"column":4},"end":{"line":436,"column":16}},"69":{"start":{"line":438,"column":4},"end":{"line":440,"column":5}},"70":{"start":{"line":439,"column":6},"end":{"line":439,"column":23}},"71":{"start":{"line":463,"column":0},"end":{"line":478,"column":3}},"72":{"start":{"line":464,"column":2},"end":{"line":477,"column":3}},"73":{"start":{"line":465,"column":19},"end":{"line":465,"column":29}},"74":{"start":{"line":466,"column":24},"end":{"line":466,"column":66}},"75":{"start":{"line":467,"column":19},"end":{"line":467,"column":54}},"76":{"start":{"line":469,"column":4},"end":{"line":471,"column":5}},"77":{"start":{"line":470,"column":6},"end":{"line":470,"column":65}},"78":{"start":{"line":473,"column":4},"end":{"line":473,"column":64}},"79":{"start":{"line":475,"column":4},"end":{"line":475,"column":16}},"80":{"start":{"line":476,"column":4},"end":{"line":476,"column":68}},"81":{"start":{"line":537,"column":0},"end":{"line":570,"column":3}},"82":{"start":{"line":538,"column":2},"end":{"line":569,"column":3}},"83":{"start":{"line":539,"column":19},"end":{"line":539,"column":29}},"84":{"start":{"line":540,"column":18},"end":{"line":556,"column":5}},"85":{"start":{"line":557,"column":30},"end":{"line":557,"column":59}},"86":{"start":{"line":559,"column":4},"end":{"line":563,"column":5}},"87":{"start":{"line":560,"column":6},"end":{"line":562,"column":63}},"88":{"start":{"line":565,"column":4},"end":{"line":565,"column":29}},"89":{"start":{"line":567,"column":4},"end":{"line":567,"column":16}},"90":{"start":{"line":568,"column":4},"end":{"line":568,"column":68}}},"fnMap":{"0":{"name":"(anonymous_0)","decl":{"start":{"line":65,"column":16},"end":{"line":65,"column":17}},"loc":{"start":{"line":65,"column":36},"end":{"line":80,"column":1}},"line":65},"1":{"name":"(anonymous_1)","decl":{"start":{"line":132,"column":17},"end":{"line":132,"column":18}},"loc":{"start":{"line":132,"column":43},"end":{"line":218,"column":1}},"line":132},"2":{"name":"(anonymous_2)","decl":{"start":{"line":159,"column":47},"end":{"line":159,"column":48}},"loc":{"start":{"line":159,"column":69},"end":{"line":199,"column":5}},"line":159},"3":{"name":"(anonymous_3)","decl":{"start":{"line":273,"column":19},"end":{"line":273,"column":20}},"loc":{"start":{"line":273,"column":45},"end":{"line":294,"column":1}},"line":273},"4":{"name":"(anonymous_4)","decl":{"start":{"line":351,"column":19},"end":{"line":351,"column":20}},"loc":{"start":{"line":351,"column":45},"end":{"line":442,"column":1}},"line":351},"5":{"name":"(anonymous_5)","decl":{"start":{"line":386,"column":49},"end":{"line":386,"column":50}},"loc":{"start":{"line":386,"column":71},"end":{"line":423,"column":7}},"line":386},"6":{"name":"(anonymous_6)","decl":{"start":{"line":463,"column":22},"end":{"line":463,"column":23}},"loc":{"start":{"line":463,"column":48},"end":{"line":478,"column":1}},"line":463},"7":{"name":"(anonymous_7)","decl":{"start":{"line":537,"column":28},"end":{"line":537,"column":29}},"loc":{"start":{"line":537,"column":54},"end":{"line":570,"column":1}},"line":537}},"branchMap":{"0":{"loc":{"start":{"line":175,"column":6},"end":{"line":186,"column":7}},"type":"if","locations":[{"start":{"line":175,"column":6},"end":{"line":186,"column":7}},{"start":{"line":178,"column":13},"end":{"line":186,"column":7}}],"line":175},"1":{"loc":{"start":{"line":208,"column":4},"end":{"line":210,"column":5}},"type":"if","locations":[{"start":{"line":208,"column":4},"end":{"line":210,"column":5}},{"start":{},"end":{}}],"line":208},"2":{"loc":{"start":{"line":214,"column":4},"end":{"line":216,"column":5}},"type":"if","locations":[{"start":{"line":214,"column":4},"end":{"line":216,"column":5}},{"start":{},"end":{}}],"line":214},"3":{"loc":{"start":{"line":287,"column":11},"end":{"line":289,"column":28}},"type":"cond-expr","locations":[{"start":{"line":288,"column":8},"end":{"line":288,"column":59}},{"start":{"line":289,"column":8},"end":{"line":289,"column":28}}],"line":287},"4":{"loc":{"start":{"line":380,"column":4},"end":{"line":426,"column":5}},"type":"if","locations":[{"start":{"line":380,"column":4},"end":{"line":426,"column":5}},{"start":{},"end":{}}],"line":380},"5":{"loc":{"start":{"line":380,"column":8},"end":{"line":380,"column":45}},"type":"binary-expr","locations":[{"start":{"line":380,"column":8},"end":{"line":380,"column":19}},{"start":{"line":380,"column":23},"end":{"line":380,"column":45}}],"line":380},"6":{"loc":{"start":{"line":401,"column":8},"end":{"line":410,"column":9}},"type":"if","locations":[{"start":{"line":401,"column":8},"end":{"line":410,"column":9}},{"start":{"line":403,"column":15},"end":{"line":410,"column":9}}],"line":401},"7":{"loc":{"start":{"line":433,"column":4},"end":{"line":435,"column":5}},"type":"if","locations":[{"start":{"line":433,"column":4},"end":{"line":435,"column":5}},{"start":{},"end":{}}],"line":433},"8":{"loc":{"start":{"line":438,"column":4},"end":{"line":440,"column":5}},"type":"if","locations":[{"start":{"line":438,"column":4},"end":{"line":440,"column":5}},{"start":{},"end":{}}],"line":438},"9":{"loc":{"start":{"line":469,"column":4},"end":{"line":471,"column":5}},"type":"if","locations":[{"start":{"line":469,"column":4},"end":{"line":471,"column":5}},{"start":{},"end":{}}],"line":469},"10":{"loc":{"start":{"line":559,"column":4},"end":{"line":563,"column":5}},"type":"if","locations":[{"start":{"line":559,"column":4},"end":{"line":563,"column":5}},{"start":{},"end":{}}],"line":559}},"s":{"0":1,"1":1,"2":1,"3":1,"4":1,"5":1,"6":0,"7":1,"8":1,"9":1,"10":1,"11":1,"12":0,"13":0,"14":0,"15":0,"16":0,"17":0,"18":0,"19":0,"20":0,"21":0,"22":0,"23":0,"24":0,"25":0,"26":0,"27":0,"28":1,"29":0,"30":1,"31":1,"32":1,"33":0,"34":1,"35":1,"36":1,"37":1,"38":1,"39":1,"40":0,"41":0,"42":1,"43":1,"44":1,"45":1,"46":1,"47":1,"48":0,"49":0,"50":0,"51":0,"52":0,"53":0,"54":0,"55":0,"56":0,"57":0,"58":0,"59":0,"60":0,"61":0,"62":0,"63":0,"64":0,"65":0,"66":1,"67":0,"68":1,"69":1,"70":0,"71":1,"72":1,"73":1,"74":1,"75":1,"76":1,"77":0,"78":1,"79":0,"80":0,"81":1,"82":1,"83":1,"84":1,"85":1,"86":1,"87":0,"88":1,"89":0,"90":0},"f":{"0":1,"1":1,"2":0,"3":1,"4":1,"5":0,"6":1,"7":1},"b":{"0":[0,0],"1":[0,1],"2":[0,1],"3":[0,1],"4":[0,0],"5":[0,0],"6":[0,0],"7":[0,1],"8":[0,1],"9":[0,1],"10":[0,1]},"_coverageSchema":"1a1c01bbd47fc00a2c39e90264f33305004495a9","hash":"afba3ee082a8dd2c65f84d454a4fe251e7981759"}
,"/home/atum/Desktop/Portal-projects/Food_recipe_API/routes/tags.js": {"path":"/home/atum/Desktop/Portal-projects/Food_recipe_API/routes/tags.js","statementMap":{"0":{"start":{"line":4,"column":15},"end":{"line":4,"column":31}},"1":{"start":{"line":7,"column":0},"end":{"line":15,"column":3}},"2":{"start":{"line":8,"column":2},"end":{"line":14,"column":3}},"3":{"start":{"line":9,"column":18},"end":{"line":9,"column":38}},"4":{"start":{"line":10,"column":27},"end":{"line":10,"column":50}},"5":{"start":{"line":11,"column":4},"end":{"line":11,"column":38}},"6":{"start":{"line":13,"column":4},"end":{"line":13,"column":23}},"7":{"start":{"line":18,"column":0},"end":{"line":29,"column":3}},"8":{"start":{"line":19,"column":2},"end":{"line":28,"column":3}},"9":{"start":{"line":20,"column":21},"end":{"line":20,"column":29}},"10":{"start":{"line":21,"column":18},"end":{"line":21,"column":67}},"11":{"start":{"line":24,"column":8},"end":{"line":24,"column":39}},"12":{"start":{"line":25,"column":4},"end":{"line":25,"column":37}},"13":{"start":{"line":27,"column":4},"end":{"line":27,"column":23}},"14":{"start":{"line":32,"column":0},"end":{"line":48,"column":3}},"15":{"start":{"line":33,"column":2},"end":{"line":47,"column":3}},"16":{"start":{"line":34,"column":19},"end":{"line":34,"column":29}},"17":{"start":{"line":35,"column":18},"end":{"line":35,"column":56}},"18":{"start":{"line":38,"column":8},"end":{"line":38,"column":37}},"19":{"start":{"line":40,"column":4},"end":{"line":42,"column":5}},"20":{"start":{"line":41,"column":6},"end":{"line":41,"column":62}},"21":{"start":{"line":44,"column":4},"end":{"line":44,"column":25}},"22":{"start":{"line":46,"column":4},"end":{"line":46,"column":23}},"23":{"start":{"line":51,"column":0},"end":{"line":68,"column":3}},"24":{"start":{"line":52,"column":2},"end":{"line":67,"column":3}},"25":{"start":{"line":53,"column":19},"end":{"line":53,"column":29}},"26":{"start":{"line":54,"column":21},"end":{"line":54,"column":29}},"27":{"start":{"line":55,"column":18},"end":{"line":55,"column":75}},"28":{"start":{"line":58,"column":8},"end":{"line":58,"column":43}},"29":{"start":{"line":60,"column":4},"end":{"line":62,"column":5}},"30":{"start":{"line":61,"column":6},"end":{"line":61,"column":62}},"31":{"start":{"line":64,"column":4},"end":{"line":64,"column":25}},"32":{"start":{"line":66,"column":4},"end":{"line":66,"column":23}},"33":{"start":{"line":71,"column":0},"end":{"line":87,"column":3}},"34":{"start":{"line":72,"column":2},"end":{"line":86,"column":3}},"35":{"start":{"line":73,"column":19},"end":{"line":73,"column":29}},"36":{"start":{"line":74,"column":18},"end":{"line":74,"column":66}},"37":{"start":{"line":77,"column":8},"end":{"line":77,"column":37}},"38":{"start":{"line":79,"column":4},"end":{"line":81,"column":5}},"39":{"start":{"line":80,"column":6},"end":{"line":80,"column":62}},"40":{"start":{"line":83,"column":4},"end":{"line":83,"column":61}},"41":{"start":{"line":85,"column":4},"end":{"line":85,"column":23}}},"fnMap":{"0":{"name":"(anonymous_0)","decl":{"start":{"line":7,"column":16},"end":{"line":7,"column":17}},"loc":{"start":{"line":7,"column":42},"end":{"line":15,"column":1}},"line":7},"1":{"name":"(anonymous_1)","decl":{"start":{"line":18,"column":17},"end":{"line":18,"column":18}},"loc":{"start":{"line":18,"column":43},"end":{"line":29,"column":1}},"line":18},"2":{"name":"(anonymous_2)","decl":{"start":{"line":32,"column":19},"end":{"line":32,"column":20}},"loc":{"start":{"line":32,"column":45},"end":{"line":48,"column":1}},"line":32},"3":{"name":"(anonymous_3)","decl":{"start":{"line":51,"column":19},"end":{"line":51,"column":20}},"loc":{"start":{"line":51,"column":45},"end":{"line":68,"column":1}},"line":51},"4":{"name":"(anonymous_4)","decl":{"start":{"line":71,"column":22},"end":{"line":71,"column":23}},"loc":{"start":{"line":71,"column":48},"end":{"line":87,"column":1}},"line":71}},"branchMap":{"0":{"loc":{"start":{"line":40,"column":4},"end":{"line":42,"column":5}},"type":"if","locations":[{"start":{"line":40,"column":4},"end":{"line":42,"column":5}},{"start":{},"end":{}}],"line":40},"1":{"loc":{"start":{"line":60,"column":4},"end":{"line":62,"column":5}},"type":"if","locations":[{"start":{"line":60,"column":4},"end":{"line":62,"column":5}},{"start":{},"end":{}}],"line":60},"2":{"loc":{"start":{"line":79,"column":4},"end":{"line":81,"column":5}},"type":"if","locations":[{"start":{"line":79,"column":4},"end":{"line":81,"column":5}},{"start":{},"end":{}}],"line":79}},"s":{"0":1,"1":1,"2":0,"3":0,"4":0,"5":0,"6":0,"7":1,"8":0,"9":0,"10":0,"11":0,"12":0,"13":0,"14":1,"15":0,"16":0,"17":0,"18":0,"19":0,"20":0,"21":0,"22":0,"23":1,"24":0,"25":0,"26":0,"27":0,"28":0,"29":0,"30":0,"31":0,"32":0,"33":1,"34":0,"35":0,"36":0,"37":0,"38":0,"39":0,"40":0,"41":0},"f":{"0":0,"1":0,"2":0,"3":0,"4":0},"b":{"0":[0,0],"1":[0,0],"2":[0,0]},"_coverageSchema":"1a1c01bbd47fc00a2c39e90264f33305004495a9","hash":"b8994d4f2d0d539f4ea7ba463b9e379d58463989"}
}
