TN:
SF:app.js
FN:22,(anonymous_0)
FN:27,(anonymous_1)
FNF:2
FNH:0
FNDA:0,(anonymous_0)
FNDA:0,(anonymous_1)
DA:9,1
DA:11,1
DA:12,1
DA:13,1
DA:14,1
DA:16,1
DA:19,1
DA:22,1
DA:23,0
DA:27,1
DA:28,0
DA:29,0
DA:30,0
DA:31,0
LF:14
LH:9
BRDA:29,0,0,0
BRDA:29,0,1,0
BRDA:30,1,0,0
BRDA:30,1,1,0
BRF:4
BRH:0
end_of_record
TN:
SF:swagger.js
FN:26,(anonymous_0)
FNF:1
FNH:1
FNDA:1,(anonymous_0)
DA:4,1
DA:24,1
DA:27,1
LF:3
LH:3
BRF:0
BRH:0
end_of_record
TN:
SF:db.config/index.js
FNF:0
FNH:0
DA:4,1
DA:6,1
DA:8,1
LF:3
LH:3
BRF:0
BRH:0
end_of_record
TN:
SF:routes/categories.js
FN:7,(anonymous_0)
FN:18,(anonymous_1)
FN:32,(anonymous_2)
FN:51,(anonymous_3)
FN:73,(anonymous_4)
FNF:5
FNH:0
FNDA:0,(anonymous_0)
FNDA:0,(anonymous_1)
FNDA:0,(anonymous_2)
FNDA:0,(anonymous_3)
FNDA:0,(anonymous_4)
DA:4,1
DA:7,1
DA:8,0
DA:9,0
DA:10,0
DA:11,0
DA:13,0
DA:18,1
DA:19,0
DA:20,0
DA:21,0
DA:24,0
DA:25,0
DA:27,0
DA:32,1
DA:33,0
DA:34,0
DA:35,0
DA:38,0
DA:40,0
DA:41,0
DA:44,0
DA:46,0
DA:51,1
DA:52,0
DA:53,0
DA:54,0
DA:55,0
DA:60,0
DA:62,0
DA:63,0
DA:66,0
DA:68,0
DA:73,1
DA:74,0
DA:75,0
DA:76,0
DA:79,0
DA:81,0
DA:82,0
DA:85,0
DA:87,0
LF:42
LH:6
BRDA:40,0,0,0
BRDA:40,0,1,0
BRDA:62,1,0,0
BRDA:62,1,1,0
BRDA:81,2,0,0
BRDA:81,2,1,0
BRF:6
BRH:0
end_of_record
TN:
SF:routes/index.js
FNF:0
FNH:0
DA:7,1
DA:9,1
DA:10,1
DA:11,1
DA:12,1
LF:5
LH:5
BRF:0
BRH:0
end_of_record
TN:
SF:routes/ingredients.js
FN:7,(anonymous_0)
FN:19,(anonymous_1)
FN:34,(anonymous_2)
FN:54,(anonymous_3)
FN:75,(anonymous_4)
FNF:5
FNH:0
FNDA:0,(anonymous_0)
FNDA:0,(anonymous_1)
FNDA:0,(anonymous_2)
FNDA:0,(anonymous_3)
FNDA:0,(anonymous_4)
DA:4,1
DA:7,1
DA:8,0
DA:9,0
DA:10,0
DA:11,0
DA:13,0
DA:14,0
DA:19,1
DA:20,0
DA:21,0
DA:22,0
DA:25,0
DA:26,0
DA:28,0
DA:29,0
DA:34,1
DA:35,0
DA:36,0
DA:37,0
DA:40,0
DA:42,0
DA:43,0
DA:46,0
DA:48,0
DA:49,0
DA:54,1
DA:55,0
DA:56,0
DA:57,0
DA:58,0
DA:61,0
DA:63,0
DA:64,0
DA:67,0
DA:69,0
DA:70,0
DA:75,1
DA:76,0
DA:77,0
DA:78,0
DA:81,0
DA:83,0
DA:84,0
DA:87,0
DA:89,0
DA:90,0
LF:47
LH:6
BRDA:42,0,0,0
BRDA:42,0,1,0
BRDA:63,1,0,0
BRDA:63,1,1,0
BRDA:83,2,0,0
BRDA:83,2,1,0
BRF:6
BRH:0
end_of_record
TN:
SF:routes/recipes.js
FN:65,(anonymous_0)
FN:132,(anonymous_1)
FN:159,(anonymous_2)
FN:273,(anonymous_3)
FN:351,(anonymous_4)
FN:386,(anonymous_5)
FN:463,(anonymous_6)
FN:537,(anonymous_7)
FNF:8
FNH:6
FNDA:1,(anonymous_0)
FNDA:1,(anonymous_1)
FNDA:0,(anonymous_2)
FNDA:1,(anonymous_3)
FNDA:1,(anonymous_4)
FNDA:0,(anonymous_5)
FNDA:1,(anonymous_6)
FNDA:1,(anonymous_7)
DA:7,1
DA:65,1
DA:66,1
DA:67,1
DA:75,1
DA:76,1
DA:78,0
DA:132,1
DA:134,1
DA:135,1
DA:138,1
DA:141,1
DA:144,0
DA:151,0
DA:159,0
DA:160,0
DA:163,0
DA:169,0
DA:175,0
DA:177,0
DA:180,0
DA:181,0
DA:185,0
DA:189,0
DA:193,0
DA:201,0
DA:204,0
DA:206,0
DA:208,1
DA:209,0
DA:211,1
DA:212,1
DA:214,1
DA:215,0
DA:273,1
DA:274,1
DA:275,1
DA:276,1
DA:285,1
DA:287,1
DA:291,0
DA:292,0
DA:351,1
DA:353,1
DA:354,1
DA:355,1
DA:358,1
DA:361,1
DA:363,0
DA:372,0
DA:380,0
DA:381,0
DA:386,0
DA:387,0
DA:389,0
DA:395,0
DA:401,0
DA:402,0
DA:404,0
DA:405,0
DA:409,0
DA:413,0
DA:417,0
DA:425,0
DA:429,0
DA:431,0
DA:433,1
DA:434,0
DA:436,1
DA:438,1
DA:439,0
DA:463,1
DA:464,1
DA:465,1
DA:466,1
DA:467,1
DA:469,1
DA:470,0
DA:473,1
DA:475,0
DA:476,0
DA:537,1
DA:538,1
DA:539,1
DA:540,1
DA:557,1
DA:559,1
DA:560,0
DA:565,1
DA:567,0
DA:568,0
LF:91
LH:44
BRDA:175,0,0,0
BRDA:175,0,1,0
BRDA:208,1,0,0
BRDA:208,1,1,1
BRDA:214,2,0,0
BRDA:214,2,1,1
BRDA:287,3,0,0
BRDA:287,3,1,1
BRDA:380,4,0,0
BRDA:380,4,1,0
BRDA:380,5,0,0
BRDA:380,5,1,0
BRDA:401,6,0,0
BRDA:401,6,1,0
BRDA:433,7,0,0
BRDA:433,7,1,1
BRDA:438,8,0,0
BRDA:438,8,1,1
BRDA:469,9,0,0
BRDA:469,9,1,1
BRDA:559,10,0,0
BRDA:559,10,1,1
BRF:22
BRH:7
end_of_record
TN:
SF:routes/tags.js
FN:7,(anonymous_0)
FN:18,(anonymous_1)
FN:32,(anonymous_2)
FN:51,(anonymous_3)
FN:71,(anonymous_4)
FNF:5
FNH:0
FNDA:0,(anonymous_0)
FNDA:0,(anonymous_1)
FNDA:0,(anonymous_2)
FNDA:0,(anonymous_3)
FNDA:0,(anonymous_4)
DA:4,1
DA:7,1
DA:8,0
DA:9,0
DA:10,0
DA:11,0
DA:13,0
DA:18,1
DA:19,0
DA:20,0
DA:21,0
DA:24,0
DA:25,0
DA:27,0
DA:32,1
DA:33,0
DA:34,0
DA:35,0
DA:38,0
DA:40,0
DA:41,0
DA:44,0
DA:46,0
DA:51,1
DA:52,0
DA:53,0
DA:54,0
DA:55,0
DA:58,0
DA:60,0
DA:61,0
DA:64,0
DA:66,0
DA:71,1
DA:72,0
DA:73,0
DA:74,0
DA:77,0
DA:79,0
DA:80,0
DA:83,0
DA:85,0
LF:42
LH:6
BRDA:40,0,0,0
BRDA:40,0,1,0
BRDA:60,1,0,0
BRDA:60,1,1,0
BRDA:79,2,0,0
BRDA:79,2,1,0
BRF:6
BRH:0
end_of_record
